<?xml version="1.0" encoding="UTF-8"?>
<!-- Generated by org.testng.reporters.JUnitReportReporter -->
<testsuite name="test.LoginPageTest" tests="1" time="10.904" ignored="0" failures="0" timestamp="15 Sep 2021 17:32:50 GMT" skipped="0" hostname="DESKTOP-5J4LTL9" errors="0">
  <testcase name="loginPageTitleTest" time="10.904" classname="test.LoginPageTest"/>
</testsuite> <!-- test.LoginPageTest -->
